Collecting dlib
  Using cached dlib-19.24.2.tar.gz (11.8 MB)
  Installing build dependencies: started
  Installing build dependencies: finished with status 'done'
  Getting requirements to build wheel: started
  Getting requirements to build wheel: finished with status 'done'
  Preparing metadata (pyproject.toml): started
  Preparing metadata (pyproject.toml): finished with status 'done'
Building wheels for collected packages: dlib
  Building wheel for dlib (pyproject.toml): started
  Building wheel for dlib (pyproject.toml): finished with status 'error'
  error: subprocess-exited-with-error
  
  Building wheel for dlib (pyproject.toml) did not run successfully.
  exit code: 1
  
  [73 lines of output]
  running bdist_wheel
  running build
  running build_ext
  <string>:125: DeprecationWarning: distutils Version classes are deprecated. Use packaging.version instead.
  Building extension for Python 3.10.0 (tags/v3.10.0:b494f59, Oct  4 2021, 19:00:18) [MSC v.1929 64 bit (AMD64)]
  Invoking CMake setup: 'cmake C:\TMP\pip-install-rqjit5fo\dlib_d282eb9e757a4c61ab1494ad18887855\tools\python -DCMAKE_LIBRARY_OUTPUT_DIRECTORY=C:\TMP\pip-install-rqjit5fo\dlib_d282eb9e757a4c61ab1494ad18887855\build\lib.win-amd64-cpython-310 -DPYTHON_EXECUTABLE=C:\dev\github\vadim-kosarev\fc\.venv\Scripts\python.exe -DCMAKE_LIBRARY_OUTPUT_DIRECTORY_RELEASE=C:\TMP\pip-install-rqjit5fo\dlib_d282eb9e757a4c61ab1494ad18887855\build\lib.win-amd64-cpython-310 -A x64'
  -- Building for: NMake Makefiles
  CMake Error at CMakeLists.txt:5 (message):
  
  
  
    !!!!!!!!!!!!!!!!!!!!!!!!!!!!!!!!!!!!!!!!!!!!!!!!!!!!!!!!!!!!!!!!!!!!!!!!!!!!!!!
  
  
    You must use Visual Studio to build a python extension on windows.  If you
    are getting this error it means you have not installed Visual C++.  Note
    that there are many flavors of Visual Studio, like Visual Studio for C#
    development.  You need to install Visual Studio for C++.
  
  
    !!!!!!!!!!!!!!!!!!!!!!!!!!!!!!!!!!!!!!!!!!!!!!!!!!!!!!!!!!!!!!!!!!!!!!!!!!!!!!!
  
  
  
  
  -- Configuring incomplete, errors occurred!
  Traceback (most recent call last):
    File "C:\dev\github\vadim-kosarev\fc\.venv\lib\site-packages\pip\_vendor\pyproject_hooks\_in_process\_in_process.py", line 353, in <module>
      main()
    File "C:\dev\github\vadim-kosarev\fc\.venv\lib\site-packages\pip\_vendor\pyproject_hooks\_in_process\_in_process.py", line 335, in main
      json_out['return_val'] = hook(**hook_input['kwargs'])
    File "C:\dev\github\vadim-kosarev\fc\.venv\lib\site-packages\pip\_vendor\pyproject_hooks\_in_process\_in_process.py", line 251, in build_wheel
      return _build_backend().build_wheel(wheel_directory, config_settings,
    File "C:\TMP\pip-build-env-tjy3u0j6\overlay\Lib\site-packages\setuptools\build_meta.py", line 410, in build_wheel
      return self._build_with_temp_dir(
    File "C:\TMP\pip-build-env-tjy3u0j6\overlay\Lib\site-packages\setuptools\build_meta.py", line 395, in _build_with_temp_dir
      self.run_setup()
    File "C:\TMP\pip-build-env-tjy3u0j6\overlay\Lib\site-packages\setuptools\build_meta.py", line 311, in run_setup
      exec(code, locals())
    File "<string>", line 218, in <module>
    File "C:\TMP\pip-build-env-tjy3u0j6\overlay\Lib\site-packages\setuptools\__init__.py", line 104, in setup
      return distutils.core.setup(**attrs)
    File "C:\TMP\pip-build-env-tjy3u0j6\overlay\Lib\site-packages\setuptools\_distutils\core.py", line 185, in setup
      return run_commands(dist)
    File "C:\TMP\pip-build-env-tjy3u0j6\overlay\Lib\site-packages\setuptools\_distutils\core.py", line 201, in run_commands
      dist.run_commands()
    File "C:\TMP\pip-build-env-tjy3u0j6\overlay\Lib\site-packages\setuptools\_distutils\dist.py", line 969, in run_commands
      self.run_command(cmd)
    File "C:\TMP\pip-build-env-tjy3u0j6\overlay\Lib\site-packages\setuptools\dist.py", line 967, in run_command
      super().run_command(command)
    File "C:\TMP\pip-build-env-tjy3u0j6\overlay\Lib\site-packages\setuptools\_distutils\dist.py", line 988, in run_command
      cmd_obj.run()
    File "C:\TMP\pip-build-env-tjy3u0j6\overlay\Lib\site-packages\wheel\bdist_wheel.py", line 368, in run
      self.run_command("build")
    File "C:\TMP\pip-build-env-tjy3u0j6\overlay\Lib\site-packages\setuptools\_distutils\cmd.py", line 318, in run_command
      self.distribution.run_command(command)
    File "C:\TMP\pip-build-env-tjy3u0j6\overlay\Lib\site-packages\setuptools\dist.py", line 967, in run_command
      super().run_command(command)
    File "C:\TMP\pip-build-env-tjy3u0j6\overlay\Lib\site-packages\setuptools\_distutils\dist.py", line 988, in run_command
      cmd_obj.run()
    File "C:\TMP\pip-build-env-tjy3u0j6\overlay\Lib\site-packages\setuptools\_distutils\command\build.py", line 131, in run
      self.run_command(cmd_name)
    File "C:\TMP\pip-build-env-tjy3u0j6\overlay\Lib\site-packages\setuptools\_distutils\cmd.py", line 318, in run_command
      self.distribution.run_command(command)
    File "C:\TMP\pip-build-env-tjy3u0j6\overlay\Lib\site-packages\setuptools\dist.py", line 967, in run_command
      super().run_command(command)
    File "C:\TMP\pip-build-env-tjy3u0j6\overlay\Lib\site-packages\setuptools\_distutils\dist.py", line 988, in run_command
      cmd_obj.run()
    File "<string>", line 130, in run
    File "<string>", line 167, in build_extension
    File "C:\Users\vadim\AppData\Local\Programs\Python\Python310\lib\subprocess.py", line 369, in check_call
      raise CalledProcessError(retcode, cmd)
  subprocess.CalledProcessError: Command '['cmake', 'C:\\TMP\\pip-install-rqjit5fo\\dlib_d282eb9e757a4c61ab1494ad18887855\\tools\\python', '-DCMAKE_LIBRARY_OUTPUT_DIRECTORY=C:\\TMP\\pip-install-rqjit5fo\\dlib_d282eb9e757a4c61ab1494ad18887855\\build\\lib.win-amd64-cpython-310', '-DPYTHON_EXECUTABLE=C:\\dev\\github\\vadim-kosarev\\fc\\.venv\\Scripts\\python.exe', '-DCMAKE_LIBRARY_OUTPUT_DIRECTORY_RELEASE=C:\\TMP\\pip-install-rqjit5fo\\dlib_d282eb9e757a4c61ab1494ad18887855\\build\\lib.win-amd64-cpython-310', '-A', 'x64']' returned non-zero exit status 1.
  [end of output]
  
  note: This error originates from a subprocess, and is likely not a problem with pip.
  ERROR: Failed building wheel for dlib
Failed to build dlib
ERROR: Could not build wheels for dlib, which is required to install pyproject.toml-based projects
